<?xml version="1.0" encoding="UTF-8"?>
<robot generator="Robot 5.0.1 (Python 3.10.12 on linux)" generated="20231225 00:48:46.329" rpa="false" schemaversion="3">
<suite id="s1" name="Add Product To Cart" source="/home/meida/Documents/project mei/Automation_with_robotframework/TestSuite/add_product_to_cart.robot">
<test id="s1-t1" name="As a user, I want to checkout product" line="10">
<kw name="GIVEN Open web saucedemo" library="login_page">
<doc>Open web saucedemo</doc>
<kw name="Open Browser" library="SeleniumLibrary">
<arg>${base_url}</arg>
<arg>headlesschrome</arg>
<doc>Opens a new browser instance to the optional ``url``.</doc>
<msg timestamp="20231225 00:48:46.507" level="INFO">Opening browser 'headlesschrome' to base url 'https://www.saucedemo.com/'.</msg>
<status status="PASS" starttime="20231225 00:48:46.507" endtime="20231225 00:48:50.485"/>
</kw>
<kw name="Maximize Browser Window" library="SeleniumLibrary">
<doc>Maximizes current browser window.</doc>
<status status="PASS" starttime="20231225 00:48:50.485" endtime="20231225 00:48:50.593"/>
</kw>
<kw name="Sleep" library="BuiltIn">
<arg>1s</arg>
<doc>Pauses the test executed for the given time.</doc>
<msg timestamp="20231225 00:48:51.595" level="INFO">Slept 1 second</msg>
<status status="PASS" starttime="20231225 00:48:50.594" endtime="20231225 00:48:51.596"/>
</kw>
<kw name="Wait Until Element Is Visible" library="SeleniumLibrary">
<arg>${title}</arg>
<arg>1s</arg>
<doc>Waits until the element ``locator`` is visible.</doc>
<status status="PASS" starttime="20231225 00:48:51.597" endtime="20231225 00:48:51.660"/>
</kw>
<status status="PASS" starttime="20231225 00:48:46.506" endtime="20231225 00:48:51.660"/>
</kw>
<kw name="WHEN Login with standard_user" library="login_page">
<doc>Login with standard_user</doc>
<kw name="Click Element" library="SeleniumLibrary">
<arg>${field_username}</arg>
<doc>Click the element identified by ``locator``.</doc>
<msg timestamp="20231225 00:48:51.662" level="INFO">Clicking element '//*[@id="user-name"]'.</msg>
<status status="PASS" starttime="20231225 00:48:51.661" endtime="20231225 00:48:51.706"/>
</kw>
<kw name="Input Text" library="SeleniumLibrary">
<arg>${field_username}</arg>
<arg>${username_standard_user}</arg>
<doc>Types the given ``text`` into the text field identified by ``locator``.</doc>
<msg timestamp="20231225 00:48:51.707" level="INFO">Typing text 'standard_user' into text field '//*[@id="user-name"]'.</msg>
<status status="PASS" starttime="20231225 00:48:51.707" endtime="20231225 00:48:51.768"/>
</kw>
<kw name="Click Element" library="SeleniumLibrary">
<arg>${field_password}</arg>
<doc>Click the element identified by ``locator``.</doc>
<msg timestamp="20231225 00:48:51.769" level="INFO">Clicking element '//*[@id="password"]'.</msg>
<status status="PASS" starttime="20231225 00:48:51.768" endtime="20231225 00:48:51.807"/>
</kw>
<kw name="Input Text" library="SeleniumLibrary">
<arg>${field_password}</arg>
<arg>${password}</arg>
<doc>Types the given ``text`` into the text field identified by ``locator``.</doc>
<msg timestamp="20231225 00:48:51.808" level="INFO">Typing text 'secret_sauce' into text field '//*[@id="password"]'.</msg>
<status status="PASS" starttime="20231225 00:48:51.807" endtime="20231225 00:48:51.863"/>
</kw>
<status status="PASS" starttime="20231225 00:48:51.661" endtime="20231225 00:48:51.863"/>
</kw>
<kw name="AND User submit to login homepage" library="login_page">
<doc>User submit to login homepage</doc>
<kw name="Click Element" library="SeleniumLibrary">
<arg>${button_login}</arg>
<doc>Click the element identified by ``locator``.</doc>
<msg timestamp="20231225 00:48:51.864" level="INFO">Clicking element '//*[@id="login-button"]'.</msg>
<status status="PASS" starttime="20231225 00:48:51.864" endtime="20231225 00:48:51.945"/>
</kw>
<kw name="Wait Until Element Is Visible" library="SeleniumLibrary">
<arg>${title_web}</arg>
<arg>1s</arg>
<doc>Waits until the element ``locator`` is visible.</doc>
<status status="PASS" starttime="20231225 00:48:51.945" endtime="20231225 00:48:51.970"/>
</kw>
<status status="PASS" starttime="20231225 00:48:51.863" endtime="20231225 00:48:51.971"/>
</kw>
<kw name="AND User add product" library="add_product_page">
<doc>User add product to cart</doc>
<kw name="Wait Until Element Is Visible" library="SeleniumLibrary">
<arg>${add_cart}</arg>
<arg>1s</arg>
<doc>Waits until the element ``locator`` is visible.</doc>
<status status="PASS" starttime="20231225 00:48:51.971" endtime="20231225 00:48:51.990"/>
</kw>
<kw name="Click Button" library="SeleniumLibrary">
<arg>${add_cart}</arg>
<doc>Clicks the button identified by ``locator``.</doc>
<msg timestamp="20231225 00:48:51.990" level="INFO">Clicking button '//button[@id="add-to-cart-sauce-labs-backpack"]'.</msg>
<status status="PASS" starttime="20231225 00:48:51.990" endtime="20231225 00:48:52.036"/>
</kw>
<kw name="Wait Until Element Is Visible" library="SeleniumLibrary">
<arg>${cart_badge}</arg>
<arg>1s</arg>
<doc>Waits until the element ``locator`` is visible.</doc>
<status status="PASS" starttime="20231225 00:48:52.036" endtime="20231225 00:48:52.054"/>
</kw>
<status status="PASS" starttime="20231225 00:48:51.971" endtime="20231225 00:48:52.055"/>
</kw>
<kw name="THEN User check product to cart" library="add_product_page">
<doc>check product to cart</doc>
<kw name="Click Element" library="SeleniumLibrary">
<arg>${cart}</arg>
<doc>Click the element identified by ``locator``.</doc>
<msg timestamp="20231225 00:48:52.056" level="INFO">Clicking element '//div[@id="shopping_cart_container"]'.</msg>
<status status="PASS" starttime="20231225 00:48:52.055" endtime="20231225 00:48:52.103"/>
</kw>
<kw name="Wait Until Element Is Visible" library="SeleniumLibrary">
<arg>${qty}</arg>
<arg>1s</arg>
<doc>Waits until the element ``locator`` is visible.</doc>
<status status="PASS" starttime="20231225 00:48:52.104" endtime="20231225 00:48:52.124"/>
</kw>
<kw name="Wait Until Element Is Visible" library="SeleniumLibrary">
<arg>${desc}</arg>
<arg>1s</arg>
<doc>Waits until the element ``locator`` is visible.</doc>
<status status="PASS" starttime="20231225 00:48:52.125" endtime="20231225 00:48:52.143"/>
</kw>
<status status="PASS" starttime="20231225 00:48:52.055" endtime="20231225 00:48:52.143"/>
</kw>
<kw name="Close Browser" library="SeleniumLibrary" type="TEARDOWN">
<doc>Closes the current browser.</doc>
<status status="PASS" starttime="20231225 00:48:52.144" endtime="20231225 00:48:52.202"/>
</kw>
<doc>Scenario checkout product</doc>
<tag>Positive</tag>
<status status="PASS" starttime="20231225 00:48:46.505" endtime="20231225 00:48:52.203"/>
</test>
<status status="PASS" starttime="20231225 00:48:46.331" endtime="20231225 00:48:52.204"/>
</suite>
<statistics>
<total>
<stat pass="1" fail="0" skip="0">All Tests</stat>
</total>
<tag>
<stat pass="1" fail="0" skip="0">Positive</stat>
</tag>
<suite>
<stat pass="1" fail="0" skip="0" id="s1" name="Add Product To Cart">Add Product To Cart</stat>
</suite>
</statistics>
<errors>
<msg timestamp="20231225 00:48:46.477" level="ERROR">Error in file '/home/meida/Documents/project mei/Automation_with_robotframework/TestSuite/All_login.robot' on line 6: Setting 'Test Teardown' is not allowed in resource file.</msg>
<msg timestamp="20231225 00:48:46.478" level="ERROR">Error in file '/home/meida/Documents/project mei/Automation_with_robotframework/PageObject/login_page.robot' on line 4: Error in file '/home/meida/Documents/project mei/Automation_with_robotframework/TestSuite/All_login.robot' on line 8: Resource file with 'Test Cases' section is invalid.</msg>
<msg timestamp="20231225 00:48:46.479" level="ERROR">Error in file '/home/meida/Documents/project mei/Automation_with_robotframework/TestSuite/checkout.robot' on line 6: Setting 'Test Teardown' is not allowed in resource file.</msg>
<msg timestamp="20231225 00:48:46.480" level="ERROR">Error in file '/home/meida/Documents/project mei/Automation_with_robotframework/PageObject/login_page.robot' on line 5: Error in file '/home/meida/Documents/project mei/Automation_with_robotframework/TestSuite/checkout.robot' on line 9: Resource file with 'Test Cases' section is invalid.</msg>
<msg timestamp="20231225 00:48:46.484" level="ERROR">Error in file '/home/meida/Documents/project mei/Automation_with_robotframework/PageObject/sorting_product_page.robot' on line 7: Setting 'Test Teardown' is not allowed in resource file.</msg>
<msg timestamp="20231225 00:48:46.494" level="ERROR">Error in file '/home/meida/Documents/project mei/Automation_with_robotframework/TestSuite/sorting_product.robot' on line 6: Setting 'Test Teardown' is not allowed in resource file.</msg>
<msg timestamp="20231225 00:48:46.495" level="ERROR">Error in file '/home/meida/Documents/project mei/Automation_with_robotframework/PageObject/sorting_product_page.robot' on line 6: Error in file '/home/meida/Documents/project mei/Automation_with_robotframework/TestSuite/sorting_product.robot' on line 9: Resource file with 'Test Cases' section is invalid.</msg>
<msg timestamp="20231225 00:48:46.497" level="ERROR">Error in file '/home/meida/Documents/project mei/Automation_with_robotframework/PageObject/add_product_page.robot' on line 7: Setting 'Test Teardown' is not allowed in resource file.</msg>
<msg timestamp="20231225 00:48:46.501" level="ERROR">Error in file '/home/meida/Documents/project mei/Automation_with_robotframework/TestSuite/All_login.robot' on line 6: Setting 'Test Teardown' is not allowed in resource file.</msg>
<msg timestamp="20231225 00:48:46.502" level="ERROR">Error in file '/home/meida/Documents/project mei/Automation_with_robotframework/PageObject/add_product_page.robot' on line 4: Error in file '/home/meida/Documents/project mei/Automation_with_robotframework/TestSuite/All_login.robot' on line 8: Resource file with 'Test Cases' section is invalid.</msg>
<msg timestamp="20231225 00:48:46.503" level="ERROR">Error in file '/home/meida/Documents/project mei/Automation_with_robotframework/TestSuite/add_product_to_cart.robot' on line 6: Setting 'Test Teardown' is not allowed in resource file.</msg>
<msg timestamp="20231225 00:48:46.503" level="ERROR">Error in file '/home/meida/Documents/project mei/Automation_with_robotframework/PageObject/add_product_page.robot' on line 6: Error in file '/home/meida/Documents/project mei/Automation_with_robotframework/TestSuite/add_product_to_cart.robot' on line 9: Resource file with 'Test Cases' section is invalid.</msg>
</errors>
</robot>
